E, [2016-07-25T12:30:04.604881 #47508] ERROR -- Kitchen: ------Exception-------
E, [2016-07-25T12:30:04.604968 #47508] ERROR -- Kitchen: Class: Kitchen::UserError
E, [2016-07-25T12:30:04.604991 #47508] ERROR -- Kitchen: Message: Kitchen YAML file /Users/vijay/CHefbooks/newpro2/Httpd/.kitchen.yml does not exist.
E, [2016-07-25T12:30:04.605010 #47508] ERROR -- Kitchen: ----------------------
E, [2016-07-25T12:30:04.605048 #47508] ERROR -- Kitchen: ------Backtrace-------
E, [2016-07-25T12:30:04.605066 #47508] ERROR -- Kitchen: /opt/chefdk/embedded/lib/ruby/gems/2.1.0/gems/test-kitchen-1.10.0/lib/kitchen/loader/yaml.rb:74:in `read'
E, [2016-07-25T12:30:04.605084 #47508] ERROR -- Kitchen: /opt/chefdk/embedded/lib/ruby/gems/2.1.0/gems/test-kitchen-1.10.0/lib/kitchen/config.rb:154:in `data'
E, [2016-07-25T12:30:04.605102 #47508] ERROR -- Kitchen: /opt/chefdk/embedded/lib/ruby/gems/2.1.0/gems/test-kitchen-1.10.0/lib/kitchen/config.rb:133:in `suites'
E, [2016-07-25T12:30:04.605128 #47508] ERROR -- Kitchen: /opt/chefdk/embedded/lib/ruby/gems/2.1.0/gems/test-kitchen-1.10.0/lib/kitchen/config.rb:184:in `filter_instances'
E, [2016-07-25T12:30:04.605146 #47508] ERROR -- Kitchen: /opt/chefdk/embedded/lib/ruby/gems/2.1.0/gems/test-kitchen-1.10.0/lib/kitchen/config.rb:143:in `build_instances'
E, [2016-07-25T12:30:04.605163 #47508] ERROR -- Kitchen: /opt/chefdk/embedded/lib/ruby/gems/2.1.0/gems/test-kitchen-1.10.0/lib/kitchen/config.rb:119:in `instances'
E, [2016-07-25T12:30:04.605180 #47508] ERROR -- Kitchen: /opt/chefdk/embedded/lib/ruby/gems/2.1.0/gems/test-kitchen-1.10.0/lib/kitchen/command.rb:115:in `filtered_instances'
E, [2016-07-25T12:30:04.605197 #47508] ERROR -- Kitchen: /opt/chefdk/embedded/lib/ruby/gems/2.1.0/gems/test-kitchen-1.10.0/lib/kitchen/command.rb:145:in `parse_subcommand'
E, [2016-07-25T12:30:04.605214 #47508] ERROR -- Kitchen: /opt/chefdk/embedded/lib/ruby/gems/2.1.0/gems/test-kitchen-1.10.0/lib/kitchen/command/list.rb:32:in `call'
E, [2016-07-25T12:30:04.605231 #47508] ERROR -- Kitchen: /opt/chefdk/embedded/lib/ruby/gems/2.1.0/gems/test-kitchen-1.10.0/lib/kitchen/cli.rb:56:in `perform'
E, [2016-07-25T12:30:04.605248 #47508] ERROR -- Kitchen: /opt/chefdk/embedded/lib/ruby/gems/2.1.0/gems/test-kitchen-1.10.0/lib/kitchen/cli.rb:120:in `list'
E, [2016-07-25T12:30:04.605265 #47508] ERROR -- Kitchen: /opt/chefdk/embedded/lib/ruby/gems/2.1.0/gems/thor-0.19.1/lib/thor/command.rb:27:in `run'
E, [2016-07-25T12:30:04.605282 #47508] ERROR -- Kitchen: /opt/chefdk/embedded/lib/ruby/gems/2.1.0/gems/thor-0.19.1/lib/thor/invocation.rb:126:in `invoke_command'
E, [2016-07-25T12:30:04.605299 #47508] ERROR -- Kitchen: /opt/chefdk/embedded/lib/ruby/gems/2.1.0/gems/test-kitchen-1.10.0/lib/kitchen/cli.rb:325:in `invoke_task'
E, [2016-07-25T12:30:04.605315 #47508] ERROR -- Kitchen: /opt/chefdk/embedded/lib/ruby/gems/2.1.0/gems/thor-0.19.1/lib/thor.rb:359:in `dispatch'
E, [2016-07-25T12:30:04.605332 #47508] ERROR -- Kitchen: /opt/chefdk/embedded/lib/ruby/gems/2.1.0/gems/thor-0.19.1/lib/thor/base.rb:440:in `start'
E, [2016-07-25T12:30:04.605353 #47508] ERROR -- Kitchen: /opt/chefdk/embedded/lib/ruby/gems/2.1.0/gems/test-kitchen-1.10.0/bin/kitchen:13:in `block in <top (required)>'
E, [2016-07-25T12:30:04.605370 #47508] ERROR -- Kitchen: /opt/chefdk/embedded/lib/ruby/gems/2.1.0/gems/test-kitchen-1.10.0/lib/kitchen/errors.rb:174:in `with_friendly_errors'
E, [2016-07-25T12:30:04.605387 #47508] ERROR -- Kitchen: /opt/chefdk/embedded/lib/ruby/gems/2.1.0/gems/test-kitchen-1.10.0/bin/kitchen:13:in `<top (required)>'
E, [2016-07-25T12:30:04.605420 #47508] ERROR -- Kitchen: /usr/local/bin/kitchen:17:in `load'
E, [2016-07-25T12:30:04.605437 #47508] ERROR -- Kitchen: /usr/local/bin/kitchen:17:in `<main>'
E, [2016-07-25T12:30:04.605454 #47508] ERROR -- Kitchen: ----End Backtrace-----
